<?xml version="1.0" encoding="UTF-8"?>
<coverage generated="1668276624">
  <project timestamp="1668276624">
    <file name="/app/src/Controller/HomepageController.php">
      <class name="App\Controller\HomepageController" namespace="global">
        <metrics complexity="1" methods="1" coveredmethods="1" conditionals="0" coveredconditionals="0" statements="1" coveredstatements="1" elements="2" coveredelements="2"/>
      </class>
      <line num="11" type="method" name="index" visibility="public" complexity="1" crap="1" count="1"/>
      <line num="14" type="stmt" count="1"/>
      <metrics loc="19" ncloc="19" classes="1" methods="1" coveredmethods="1" conditionals="0" coveredconditionals="0" statements="1" coveredstatements="1" elements="2" coveredelements="2"/>
    </file>
    <file name="/app/src/DataFixtures/LoadEntityData.php">
      <class name="App\DataFixtures\LoadEntityData" namespace="global">
        <metrics complexity="2" methods="1" coveredmethods="0" conditionals="0" coveredconditionals="0" statements="4" coveredstatements="0" elements="5" coveredelements="0"/>
      </class>
      <line num="15" type="method" name="load" visibility="public" complexity="2" crap="6" count="0"/>
      <line num="17" type="stmt" count="0"/>
      <line num="18" type="stmt" count="0"/>
      <line num="19" type="stmt" count="0"/>
      <line num="21" type="stmt" count="0"/>
      <metrics loc="24" ncloc="24" classes="1" methods="1" coveredmethods="0" conditionals="0" coveredconditionals="0" statements="4" coveredstatements="0" elements="5" coveredelements="0"/>
    </file>
    <file name="/app/src/DataFixtures/Loader/LoadCategoryData.php">
      <class name="App\DataFixtures\Loader\LoadCategoryData" namespace="global">
        <metrics complexity="3" methods="3" coveredmethods="0" conditionals="0" coveredconditionals="0" statements="4" coveredstatements="0" elements="7" coveredelements="0"/>
      </class>
      <line num="14" type="method" name="loadEntityData" visibility="protected" complexity="1" crap="2" count="0"/>
      <line num="16" type="stmt" count="0"/>
      <line num="18" type="stmt" count="0"/>
      <line num="21" type="method" name="getFilename" visibility="public" complexity="1" crap="2" count="0"/>
      <line num="23" type="stmt" count="0"/>
      <line num="26" type="method" name="getOrder" visibility="public" complexity="1" crap="2" count="0"/>
      <line num="28" type="stmt" count="0"/>
      <metrics loc="30" ncloc="30" classes="1" methods="3" coveredmethods="0" conditionals="0" coveredconditionals="0" statements="4" coveredstatements="0" elements="7" coveredelements="0"/>
    </file>
    <file name="/app/src/DataFixtures/Loader/LoadPostData.php">
      <class name="App\DataFixtures\Loader\LoadPostData" namespace="global">
        <metrics complexity="3" methods="3" coveredmethods="0" conditionals="0" coveredconditionals="0" statements="11" coveredstatements="0" elements="14" coveredelements="0"/>
      </class>
      <line num="17" type="method" name="loadEntityData" visibility="protected" complexity="1" crap="2" count="0"/>
      <line num="19" type="stmt" count="0"/>
      <line num="20" type="stmt" count="0"/>
      <line num="21" type="stmt" count="0"/>
      <line num="22" type="stmt" count="0"/>
      <line num="23" type="stmt" count="0"/>
      <line num="24" type="stmt" count="0"/>
      <line num="25" type="stmt" count="0"/>
      <line num="26" type="stmt" count="0"/>
      <line num="30" type="stmt" count="0"/>
      <line num="33" type="method" name="getFilename" visibility="public" complexity="1" crap="2" count="0"/>
      <line num="35" type="stmt" count="0"/>
      <line num="38" type="method" name="getOrder" visibility="public" complexity="1" crap="2" count="0"/>
      <line num="40" type="stmt" count="0"/>
      <metrics loc="43" ncloc="43" classes="1" methods="3" coveredmethods="0" conditionals="0" coveredconditionals="0" statements="11" coveredstatements="0" elements="14" coveredelements="0"/>
    </file>
    <file name="/app/src/Entity/Behaviour/ActivableTrait.php">
      <class name="App\Entity\Behaviour\ActivableTrait" namespace="global">
        <metrics complexity="2" methods="2" coveredmethods="0" conditionals="0" coveredconditionals="0" statements="3" coveredstatements="0" elements="5" coveredelements="0"/>
      </class>
      <line num="12" type="method" name="isActive" visibility="public" complexity="1" crap="2" count="0"/>
      <line num="14" type="stmt" count="0"/>
      <line num="17" type="method" name="setActive" visibility="public" complexity="1" crap="2" count="0"/>
      <line num="19" type="stmt" count="0"/>
      <line num="21" type="stmt" count="0"/>
      <metrics loc="24" ncloc="24" classes="1" methods="2" coveredmethods="0" conditionals="0" coveredconditionals="0" statements="3" coveredstatements="0" elements="5" coveredelements="0"/>
    </file>
    <file name="/app/src/Entity/Behaviour/EntitySlugableInterface.php">
      <metrics loc="12" ncloc="12" classes="0" methods="0" coveredmethods="0" conditionals="0" coveredconditionals="0" statements="0" coveredstatements="0" elements="0" coveredelements="0"/>
    </file>
    <file name="/app/src/Entity/Behaviour/SlugableTrait.php">
      <class name="App\Entity\Behaviour\SlugableTrait" namespace="global">
        <metrics complexity="4" methods="2" coveredmethods="0" conditionals="0" coveredconditionals="0" statements="3" coveredstatements="0" elements="5" coveredelements="0"/>
      </class>
      <line num="13" type="method" name="getSlug" visibility="public" complexity="1" crap="2" count="0"/>
      <line num="15" type="stmt" count="0"/>
      <line num="18" type="method" name="computeSlug" visibility="public" complexity="3" crap="12" count="0"/>
      <line num="20" type="stmt" count="0"/>
      <line num="21" type="stmt" count="0"/>
      <metrics loc="24" ncloc="24" classes="1" methods="2" coveredmethods="0" conditionals="0" coveredconditionals="0" statements="3" coveredstatements="0" elements="5" coveredelements="0"/>
    </file>
    <file name="/app/src/Entity/Behaviour/TimestampableTrait.php">
      <class name="App\Entity\Behaviour\TimestampableTrait" namespace="global">
        <metrics complexity="4" methods="4" coveredmethods="0" conditionals="0" coveredconditionals="0" statements="6" coveredstatements="0" elements="10" coveredelements="0"/>
      </class>
      <line num="15" type="method" name="getCreatedAt" visibility="public" complexity="1" crap="2" count="0"/>
      <line num="17" type="stmt" count="0"/>
      <line num="20" type="method" name="setCreatedAtValue" visibility="public" complexity="1" crap="2" count="0"/>
      <line num="23" type="stmt" count="0"/>
      <line num="25" type="stmt" count="0"/>
      <line num="28" type="method" name="getUpdatedAt" visibility="public" complexity="1" crap="2" count="0"/>
      <line num="30" type="stmt" count="0"/>
      <line num="33" type="method" name="setUpdatedAtValue" visibility="public" complexity="1" crap="2" count="0"/>
      <line num="36" type="stmt" count="0"/>
      <line num="38" type="stmt" count="0"/>
      <metrics loc="41" ncloc="41" classes="1" methods="4" coveredmethods="0" conditionals="0" coveredconditionals="0" statements="6" coveredstatements="0" elements="10" coveredelements="0"/>
    </file>
    <file name="/app/src/Entity/Category.php">
      <class name="App\Entity\Category" namespace="global">
        <metrics complexity="11" methods="8" coveredmethods="3" conditionals="0" coveredconditionals="0" statements="15" coveredstatements="4" elements="23" coveredelements="7"/>
      </class>
      <line num="33" type="method" name="__construct" visibility="public" complexity="1" crap="1" count="1"/>
      <line num="35" type="stmt" count="1"/>
      <line num="38" type="method" name="getId" visibility="public" complexity="1" crap="2" count="0"/>
      <line num="40" type="stmt" count="0"/>
      <line num="43" type="method" name="getTitle" visibility="public" complexity="1" crap="1" count="1"/>
      <line num="45" type="stmt" count="1"/>
      <line num="48" type="method" name="setTitle" visibility="public" complexity="1" crap="1" count="1"/>
      <line num="50" type="stmt" count="1"/>
      <line num="52" type="stmt" count="1"/>
      <line num="58" type="method" name="getPosts" visibility="public" complexity="1" crap="2" count="0"/>
      <line num="60" type="stmt" count="0"/>
      <line num="63" type="method" name="addPost" visibility="public" complexity="2" crap="6" count="0"/>
      <line num="65" type="stmt" count="0"/>
      <line num="66" type="stmt" count="0"/>
      <line num="67" type="stmt" count="0"/>
      <line num="70" type="stmt" count="0"/>
      <line num="73" type="method" name="removePost" visibility="public" complexity="3" crap="12" count="0"/>
      <line num="75" type="stmt" count="0"/>
      <line num="77" type="stmt" count="0"/>
      <line num="78" type="stmt" count="0"/>
      <line num="82" type="stmt" count="0"/>
      <line num="85" type="method" name="__toString" visibility="public" complexity="1" crap="2" count="0"/>
      <line num="87" type="stmt" count="0"/>
      <metrics loc="90" ncloc="86" classes="1" methods="8" coveredmethods="3" conditionals="0" coveredconditionals="0" statements="15" coveredstatements="4" elements="23" coveredelements="7"/>
    </file>
    <file name="/app/src/Entity/DoctrineType/AbstractEnumType.php">
      <class name="App\Entity\DoctrineType\AbstractEnumType" namespace="global">
        <metrics complexity="5" methods="3" coveredmethods="0" conditionals="0" coveredconditionals="0" statements="7" coveredstatements="0" elements="10" coveredelements="0"/>
      </class>
      <line num="12" type="method" name="getSQLDeclaration" visibility="public" complexity="1" crap="2" count="0"/>
      <line num="14" type="stmt" count="0"/>
      <line num="17" type="method" name="convertToDatabaseValue" visibility="public" complexity="2" crap="6" count="0"/>
      <line num="19" type="stmt" count="0"/>
      <line num="20" type="stmt" count="0"/>
      <line num="23" type="stmt" count="0"/>
      <line num="26" type="method" name="convertToPHPValue" visibility="public" complexity="2" crap="6" count="0"/>
      <line num="28" type="stmt" count="0"/>
      <line num="29" type="stmt" count="0"/>
      <line num="32" type="stmt" count="0"/>
      <metrics loc="35" ncloc="35" classes="1" methods="3" coveredmethods="0" conditionals="0" coveredconditionals="0" statements="7" coveredstatements="0" elements="10" coveredelements="0"/>
    </file>
    <file name="/app/src/Entity/DoctrineType/StatusType.php">
      <class name="App\Entity\DoctrineType\StatusType" namespace="global">
        <metrics complexity="2" methods="2" coveredmethods="0" conditionals="0" coveredconditionals="0" statements="2" coveredstatements="0" elements="4" coveredelements="0"/>
      </class>
      <line num="11" type="method" name="getName" visibility="public" complexity="1" crap="2" count="0"/>
      <line num="13" type="stmt" count="0"/>
      <line num="16" type="method" name="getEnumsClass" visibility="public" complexity="1" crap="2" count="0"/>
      <line num="18" type="stmt" count="0"/>
      <metrics loc="21" ncloc="21" classes="1" methods="2" coveredmethods="0" conditionals="0" coveredconditionals="0" statements="2" coveredstatements="0" elements="4" coveredelements="0"/>
    </file>
    <file name="/app/src/Entity/Enum/Status.php">
      <metrics loc="11" ncloc="11" classes="0" methods="0" coveredmethods="0" conditionals="0" coveredconditionals="0" statements="0" coveredstatements="0" elements="0" coveredelements="0"/>
    </file>
    <file name="/app/src/Entity/Post.php">
      <class name="App\Entity\Post" namespace="global">
        <metrics complexity="12" methods="12" coveredmethods="5" conditionals="0" coveredconditionals="0" statements="17" coveredstatements="9" elements="29" coveredelements="14"/>
      </class>
      <line num="51" type="method" name="getId" visibility="public" complexity="1" crap="2" count="0"/>
      <line num="53" type="stmt" count="0"/>
      <line num="56" type="method" name="getTitle" visibility="public" complexity="1" crap="1" count="1"/>
      <line num="58" type="stmt" count="1"/>
      <line num="61" type="method" name="setTitle" visibility="public" complexity="1" crap="1" count="1"/>
      <line num="63" type="stmt" count="1"/>
      <line num="65" type="stmt" count="1"/>
      <line num="68" type="method" name="getContent" visibility="public" complexity="1" crap="2" count="0"/>
      <line num="70" type="stmt" count="0"/>
      <line num="73" type="method" name="setContent" visibility="public" complexity="1" crap="1" count="1"/>
      <line num="75" type="stmt" count="1"/>
      <line num="77" type="stmt" count="1"/>
      <line num="80" type="method" name="getStatus" visibility="public" complexity="1" crap="2" count="0"/>
      <line num="82" type="stmt" count="0"/>
      <line num="85" type="method" name="setStatus" visibility="public" complexity="1" crap="1" count="1"/>
      <line num="87" type="stmt" count="1"/>
      <line num="89" type="stmt" count="1"/>
      <line num="92" type="method" name="getPublishedAt" visibility="public" complexity="1" crap="2" count="0"/>
      <line num="94" type="stmt" count="0"/>
      <line num="97" type="method" name="setPublishedAt" visibility="public" complexity="1" crap="1" count="1"/>
      <line num="99" type="stmt" count="1"/>
      <line num="101" type="stmt" count="1"/>
      <line num="104" type="method" name="getCategory" visibility="public" complexity="1" crap="2" count="0"/>
      <line num="106" type="stmt" count="0"/>
      <line num="109" type="method" name="setCategory" visibility="public" complexity="1" crap="2" count="0"/>
      <line num="111" type="stmt" count="0"/>
      <line num="113" type="stmt" count="0"/>
      <line num="116" type="method" name="__toString" visibility="public" complexity="1" crap="2" count="0"/>
      <line num="118" type="stmt" count="0"/>
      <metrics loc="121" ncloc="121" classes="1" methods="12" coveredmethods="5" conditionals="0" coveredconditionals="0" statements="17" coveredstatements="9" elements="29" coveredelements="14"/>
    </file>
    <file name="/app/src/EventListener/EntitySlugableListener.php">
      <class name="App\EventListener\EntitySlugableListener" namespace="global">
        <metrics complexity="3" methods="3" coveredmethods="0" conditionals="0" coveredconditionals="0" statements="3" coveredstatements="0" elements="6" coveredelements="0"/>
      </class>
      <line num="11" type="method" name="__construct" visibility="public" complexity="1" crap="2" count="0"/>
      <line num="15" type="method" name="prePersist" visibility="public" complexity="1" crap="2" count="0"/>
      <line num="17" type="stmt" count="0"/>
      <line num="20" type="method" name="preUpdate" visibility="public" complexity="1" crap="2" count="0"/>
      <line num="22" type="stmt" count="0"/>
      <metrics loc="24" ncloc="24" classes="1" methods="3" coveredmethods="0" conditionals="0" coveredconditionals="0" statements="3" coveredstatements="0" elements="6" coveredelements="0"/>
    </file>
    <file name="/app/src/Kernel.php">
      <class name="App\Kernel" namespace="global">
        <metrics complexity="3" methods="1" coveredmethods="0" conditionals="0" coveredconditionals="0" statements="7" coveredstatements="0" elements="8" coveredelements="0"/>
      </class>
      <line num="15" type="method" name="process" visibility="public" complexity="3" crap="12" count="0"/>
      <line num="17" type="stmt" count="0"/>
      <line num="18" type="stmt" count="0"/>
      <line num="19" type="stmt" count="0"/>
      <line num="22" type="stmt" count="0"/>
      <line num="24" type="stmt" count="0"/>
      <line num="26" type="stmt" count="0"/>
      <line num="29" type="stmt" count="0"/>
      <metrics loc="32" ncloc="31" classes="1" methods="1" coveredmethods="0" conditionals="0" coveredconditionals="0" statements="7" coveredstatements="0" elements="8" coveredelements="0"/>
    </file>
    <file name="/app/src/Repository/CategoryRepository.php">
      <class name="App\Repository\CategoryRepository" namespace="global">
        <metrics complexity="5" methods="3" coveredmethods="0" conditionals="0" coveredconditionals="0" statements="7" coveredstatements="0" elements="10" coveredelements="0"/>
      </class>
      <line num="19" type="method" name="__construct" visibility="public" complexity="1" crap="2" count="0"/>
      <line num="21" type="stmt" count="0"/>
      <line num="24" type="method" name="save" visibility="public" complexity="2" crap="6" count="0"/>
      <line num="26" type="stmt" count="0"/>
      <line num="28" type="stmt" count="0"/>
      <line num="29" type="stmt" count="0"/>
      <line num="33" type="method" name="remove" visibility="public" complexity="2" crap="6" count="0"/>
      <line num="35" type="stmt" count="0"/>
      <line num="37" type="stmt" count="0"/>
      <line num="38" type="stmt" count="0"/>
      <metrics loc="67" ncloc="36" classes="1" methods="3" coveredmethods="0" conditionals="0" coveredconditionals="0" statements="7" coveredstatements="0" elements="10" coveredelements="0"/>
    </file>
    <file name="/app/src/Repository/PostRepository.php">
      <class name="App\Repository\PostRepository" namespace="global">
        <metrics complexity="5" methods="3" coveredmethods="0" conditionals="0" coveredconditionals="0" statements="7" coveredstatements="0" elements="10" coveredelements="0"/>
      </class>
      <line num="19" type="method" name="__construct" visibility="public" complexity="1" crap="2" count="0"/>
      <line num="21" type="stmt" count="0"/>
      <line num="24" type="method" name="save" visibility="public" complexity="2" crap="6" count="0"/>
      <line num="26" type="stmt" count="0"/>
      <line num="28" type="stmt" count="0"/>
      <line num="29" type="stmt" count="0"/>
      <line num="33" type="method" name="remove" visibility="public" complexity="2" crap="6" count="0"/>
      <line num="35" type="stmt" count="0"/>
      <line num="37" type="stmt" count="0"/>
      <line num="38" type="stmt" count="0"/>
      <metrics loc="42" ncloc="34" classes="1" methods="3" coveredmethods="0" conditionals="0" coveredconditionals="0" statements="7" coveredstatements="0" elements="10" coveredelements="0"/>
    </file>
    <metrics files="17" loc="660" ncloc="616" classes="15" methods="51" coveredmethods="9" conditionals="0" coveredconditionals="0" statements="97" coveredstatements="14" elements="148" coveredelements="23"/>
  </project>
</coverage>
